10/7/13 11:04:35 PM - 10: org.apache.uima.adapter.jms.service.UIMA_Service.initialize(68): INFO: UIMA-AS version 2.4.0
10/7/13 11:04:37 PM - 10: org.apache.uima.aae.controller.BaseAnalysisEngineController.logPlatformInfo: INFO: 
+------------------------------------------------------------------
                   Starting UIMA AS Service - PID: 2412
+------------------------------------------------------------------
+ Service Name:hw3-pqichen-aae-withNamedEntity
+ Service Queue Name:myQueueName
+ Service Start Time:07 Oct 2013 23:04:34 
+ UIMA AS Version:2.4.0
+ UIMA Core Version:2.4.0
+ OS Name:Linux
+ OS Version:3.8.0-31-generic
+ OS Architecture:amd64
+ OS CPU Count:4
+ JVM Vendor:Sun Microsystems Inc.
+ JVM Name:Java HotSpot(TM) 64-Bit Server VM
+ JVM Version:20.45-b01
+ JVM Input Args:[-Djava.util.logging.config.file=/home/pan/apache-uima-as-2.4.0/config/Logger.properties, -Xmx800M, -Dfile.encoding=ANSI_X3.4-1968]
+ JVM Classpath:/home/pan/git/hw3-pqichen/hw3-pqichen/target/hw3-pqichen-0.0.3-SNAPSHOT-jar-with-dependencies.jar:/home/pan/git/hw3-pqichen/hw3-pqichen/target/classes
+ JVM Loaded Jars:/home/pan/git/hw3-pqichen/hw3-pqichen/target/hw3-pqichen-0.0.3-SNAPSHOT-jar-with-dependencies.jar:/home/pan/git/hw3-pqichen/hw3-pqichen/target/classes/:
+ JVM LIB_PATH:/usr/java/jdk-6-sun/jre/lib/amd64/server:/usr/java/jdk-6-sun/jre/lib/amd64:/usr/java/jdk-6-sun/jre/../lib/amd64:/home/pan/apache-uima-as-2.4.0/uimacpp/lib:/home/pan/apache-uima-as-2.4.0/uimacpp/examples/tutorial/src:/usr/java/jdk-6-sun/jre/lib/amd64/server:/usr/java/jdk-6-sun/jre/lib/amd64:/usr/java/jdk-6-sun/jre/../lib/amd64:/usr/java/packages/lib/amd64:/usr/lib64:/lib64:/lib:/usr/lib
+------------------------------------------------------------------ 
10/7/13 11:04:37 PM - 10: org.apache.uima.aae.controller.BaseAnalysisEngineController.C'tor: INFO: Top Level Service : hw3-pqichen-aae-withNamedEntity Configured to Use Java VM Transport For Internal Messaging
10/7/13 11:04:37 PM - 10: org.apache.uima.adapter.jms.activemq.JmsInputChannel.setEndpointName: INFO: top_level_input_queue_service_1 Service Starting - Listening for Messages 
10/7/13 11:04:37 PM - 10: org.apache.uima.aae.controller.BaseAnalysisEngineController.BaseAnalysisEngineController: INFO: Starting Uima EE Service On inQ_TestElementAnnotatorDescriptor_1.1
10/7/13 11:04:37 PM - 10: org.apache.uima.aae.controller.BaseAnalysisEngineController.BaseAnalysisEngineController: INFO: Starting Uima EE Service On inQ_TokenAnnotatorDescriptor_1.2
10/7/13 11:04:37 PM - 10: org.apache.uima.aae.controller.BaseAnalysisEngineController.BaseAnalysisEngineController: INFO: Starting Uima EE Service On inQ_TokenUniGramAnnotatorDescriptor_1.3
10/7/13 11:04:37 PM - 10: org.apache.uima.aae.controller.BaseAnalysisEngineController.BaseAnalysisEngineController: INFO: Starting Uima EE Service On inQ_TokenBiGramAnnotatorDescriptor_1.4
10/7/13 11:04:37 PM - 10: org.apache.uima.aae.controller.BaseAnalysisEngineController.BaseAnalysisEngineController: INFO: Starting Uima EE Service On inQ_TokenTriGramAnnotatorDescriptor_1.5
10/7/13 11:04:37 PM - 10: org.apache.uima.aae.controller.BaseAnalysisEngineController.BaseAnalysisEngineController: INFO: Starting Uima EE Service On inQ_GoldAnswerScorerDescriptor_1.6
10/7/13 11:04:37 PM - 10: org.apache.uima.aae.controller.BaseAnalysisEngineController.BaseAnalysisEngineController: INFO: Starting Uima EE Service On inQ_TokenOverlapAnswerScorerDescriptor_1.7
10/7/13 11:04:37 PM - 10: org.apache.uima.aae.controller.BaseAnalysisEngineController.BaseAnalysisEngineController: INFO: Starting Uima EE Service On inQ_NGramOverlapAnswerScorerDescriptor_1.8
10/7/13 11:04:37 PM - 10: org.apache.uima.aae.controller.BaseAnalysisEngineController.BaseAnalysisEngineController: INFO: Starting Uima EE Service On inQ_NamedEntityAnswerScorerDescriptor_1.9
10/7/13 11:04:37 PM - 10: org.apache.uima.aae.controller.BaseAnalysisEngineController.initializeVMTransport: INFO: Controller: TestElementAnnotatorDescriptor Starting Request Listener With 1 Concurrent Consumers. Reply Listener Configured With 1 Concurrent Consumer(s)
10/7/13 11:04:37 PM - 11: org.apache.uima.aae.UimaAsThreadFactory$1.UimaAsThreadFactory.run(): INFO: Controller: TestElementAnnotatorDescriptor Initializing AE instance on Thread Id: 12
10/7/13 11:04:37 PM - 10: org.apache.uima.aae.controller.BaseAnalysisEngineController.initializeVMTransport: INFO: Controller: TokenAnnotatorDescriptor Starting Request Listener With 1 Concurrent Consumers. Reply Listener Configured With 1 Concurrent Consumer(s)
10/7/13 11:04:37 PM - 12: org.apache.uima.aae.UimaAsThreadFactory$1.UimaAsThreadFactory.run(): INFO: Controller: TokenAnnotatorDescriptor Initializing AE instance on Thread Id: 14
10/7/13 11:04:37 PM - 10: org.apache.uima.aae.controller.BaseAnalysisEngineController.initializeVMTransport: INFO: Controller: TokenUniGramAnnotatorDescriptor Starting Request Listener With 1 Concurrent Consumers. Reply Listener Configured With 1 Concurrent Consumer(s)
10/7/13 11:04:37 PM - 13: org.apache.uima.aae.UimaAsThreadFactory$1.UimaAsThreadFactory.run(): INFO: Controller: TokenUniGramAnnotatorDescriptor Initializing AE instance on Thread Id: 16
10/7/13 11:04:37 PM - 10: org.apache.uima.aae.controller.BaseAnalysisEngineController.initializeVMTransport: INFO: Controller: TokenBiGramAnnotatorDescriptor Starting Request Listener With 1 Concurrent Consumers. Reply Listener Configured With 1 Concurrent Consumer(s)
10/7/13 11:04:37 PM - 14: org.apache.uima.aae.UimaAsThreadFactory$1.UimaAsThreadFactory.run(): INFO: Controller: TokenBiGramAnnotatorDescriptor Initializing AE instance on Thread Id: 18
10/7/13 11:04:37 PM - 10: org.apache.uima.aae.controller.BaseAnalysisEngineController.initializeVMTransport: INFO: Controller: TokenTriGramAnnotatorDescriptor Starting Request Listener With 1 Concurrent Consumers. Reply Listener Configured With 1 Concurrent Consumer(s)
10/7/13 11:04:37 PM - 15: org.apache.uima.aae.UimaAsThreadFactory$1.UimaAsThreadFactory.run(): INFO: Controller: TokenTriGramAnnotatorDescriptor Initializing AE instance on Thread Id: 20
10/7/13 11:04:37 PM - 10: org.apache.uima.aae.controller.BaseAnalysisEngineController.initializeVMTransport: INFO: Controller: GoldAnswerScorerDescriptor Starting Request Listener With 1 Concurrent Consumers. Reply Listener Configured With 1 Concurrent Consumer(s)
10/7/13 11:04:37 PM - 16: org.apache.uima.aae.UimaAsThreadFactory$1.UimaAsThreadFactory.run(): INFO: Controller: GoldAnswerScorerDescriptor Initializing AE instance on Thread Id: 22
10/7/13 11:04:37 PM - 10: org.apache.uima.aae.controller.BaseAnalysisEngineController.initializeVMTransport: INFO: Controller: TokenOverlapAnswerScorerDescriptor Starting Request Listener With 1 Concurrent Consumers. Reply Listener Configured With 1 Concurrent Consumer(s)
10/7/13 11:04:37 PM - 10: org.apache.uima.aae.controller.BaseAnalysisEngineController.initializeVMTransport: INFO: Controller: NGramOverlapAnswerScorerDescriptor Starting Request Listener With 1 Concurrent Consumers. Reply Listener Configured With 1 Concurrent Consumer(s)
10/7/13 11:04:37 PM - 17: org.apache.uima.aae.UimaAsThreadFactory$1.UimaAsThreadFactory.run(): INFO: Controller: TokenOverlapAnswerScorerDescriptor Initializing AE instance on Thread Id: 24
10/7/13 11:04:37 PM - 18: org.apache.uima.aae.UimaAsThreadFactory$1.UimaAsThreadFactory.run(): INFO: Controller: NGramOverlapAnswerScorerDescriptor Initializing AE instance on Thread Id: 26
10/7/13 11:04:37 PM - 10: org.apache.uima.aae.controller.BaseAnalysisEngineController.initializeVMTransport: INFO: Controller: NamedEntityAnswerScorerDescriptor Starting Request Listener With 1 Concurrent Consumers. Reply Listener Configured With 1 Concurrent Consumer(s)
10/7/13 11:04:37 PM - 19: org.apache.uima.aae.UimaAsThreadFactory$1.UimaAsThreadFactory.run(): INFO: Controller: NamedEntityAnswerScorerDescriptor Initializing AE instance on Thread Id: 28
10/7/13 11:04:37 PM - 11: org.apache.uima.aae.controller.PrimitiveAnalysisEngineController_impl.postInitialize: INFO: ********* Initialized the Controller. TestElementAnnotatorDescriptor Ready To Process. ********
10/7/13 11:04:37 PM - 12: org.apache.uima.aae.controller.PrimitiveAnalysisEngineController_impl.postInitialize: INFO: ********* Initialized the Controller. TokenAnnotatorDescriptor Ready To Process. ********
10/7/13 11:04:37 PM - 13: org.apache.uima.aae.controller.PrimitiveAnalysisEngineController_impl.postInitialize: INFO: ********* Initialized the Controller. TokenUniGramAnnotatorDescriptor Ready To Process. ********
10/7/13 11:04:37 PM - 14: org.apache.uima.aae.controller.PrimitiveAnalysisEngineController_impl.postInitialize: INFO: ********* Initialized the Controller. TokenBiGramAnnotatorDescriptor Ready To Process. ********
10/7/13 11:04:37 PM - 15: org.apache.uima.aae.controller.PrimitiveAnalysisEngineController_impl.postInitialize: INFO: ********* Initialized the Controller. TokenTriGramAnnotatorDescriptor Ready To Process. ********
10/7/13 11:04:37 PM - 16: org.apache.uima.aae.controller.PrimitiveAnalysisEngineController_impl.postInitialize: INFO: ********* Initialized the Controller. GoldAnswerScorerDescriptor Ready To Process. ********
10/7/13 11:04:37 PM - 10: org.apache.uima.adapter.jms.activemq.SpringContainerDeployer.waitForServiceNotification: INFO: Uima EE Client Blocking - Awaiting Top Level Controller Initialization Notification
10/7/13 11:04:37 PM - 17: org.apache.uima.aae.controller.PrimitiveAnalysisEngineController_impl.postInitialize: INFO: ********* Initialized the Controller. TokenOverlapAnswerScorerDescriptor Ready To Process. ********
10/7/13 11:04:37 PM - 18: org.apache.uima.aae.controller.PrimitiveAnalysisEngineController_impl.postInitialize: INFO: ********* Initialized the Controller. NGramOverlapAnswerScorerDescriptor Ready To Process. ********
10/7/13 11:04:37 PM - 19: org.apache.uima.aae.controller.PrimitiveAnalysisEngineController_impl.postInitialize: INFO: ********* Initialized the Controller. NamedEntityAnswerScorerDescriptor Ready To Process. ********
10/7/13 11:04:38 PM - 20: org.apache.uima.aae.controller.AggregateAnalysisEngineController_impl.completeInitialization: INFO: ********* Initialized the Controller. hw3-pqichen-aae-withNamedEntity Ready To Process. ********
10/7/13 11:04:38 PM - 10: org.apache.uima.adapter.jms.activemq.SpringContainerDeployer.doStartListeners: INFO: Controller: hw3-pqichen-aae-withNamedEntity Starting Listener on Endpoint: queue://myQueueName Selector: Command=2000 OR Command=2002 Broker: tcp://localhost:61616
10/7/13 11:04:38 PM - 10: org.apache.uima.adapter.jms.activemq.SpringContainerDeployer.doStartListeners: INFO: Controller: hw3-pqichen-aae-withNamedEntity Starting Listener on Endpoint: queue://myQueueName Selector: Command=2001 Broker: tcp://localhost:61616
10/7/13 11:04:59 PM - 21: org.apache.uima.cas.impl.XmiCasSerializer$XmiCasDocSerializer.reportWarning(211): WARNING: Warning: multiple references to an array.  Reference identity will not be preserved in XMI.
10/7/13 11:04:59 PM - 21: org.apache.uima.cas.impl.XmiCasSerializer$XmiCasDocSerializer.reportWarning(211): WARNING: Warning: multiple references to an array.  Reference identity will not be preserved in XMI.
10/7/13 11:04:59 PM - 21: org.apache.uima.cas.impl.XmiCasSerializer$XmiCasDocSerializer.reportWarning(211): WARNING: Warning: multiple references to an array.  Reference identity will not be preserved in XMI.
10/7/13 11:04:59 PM - 21: org.apache.uima.cas.impl.XmiCasSerializer$XmiCasDocSerializer.reportWarning(211): WARNING: Warning: multiple references to an array.  Reference identity will not be preserved in XMI.
10/7/13 11:04:59 PM - 21: org.apache.uima.cas.impl.XmiCasSerializer$XmiCasDocSerializer.reportWarning(211): WARNING: Warning: multiple references to an array.  Reference identity will not be preserved in XMI.
10/7/13 11:04:59 PM - 21: org.apache.uima.cas.impl.XmiCasSerializer$XmiCasDocSerializer.reportWarning(211): WARNING: Warning: multiple references to an array.  Reference identity will not be preserved in XMI.
10/7/13 11:04:59 PM - 21: org.apache.uima.cas.impl.XmiCasSerializer$XmiCasDocSerializer.reportWarning(211): WARNING: Warning: multiple references to an array.  Reference identity will not be preserved in XMI.
10/7/13 11:04:59 PM - 21: org.apache.uima.cas.impl.XmiCasSerializer$XmiCasDocSerializer.reportWarning(211): WARNING: Warning: multiple references to an array.  Reference identity will not be preserved in XMI.
10/7/13 11:04:59 PM - 21: org.apache.uima.cas.impl.XmiCasSerializer$XmiCasDocSerializer.reportWarning(211): WARNING: Warning: multiple references to an array.  Reference identity will not be preserved in XMI.
10/7/13 11:04:59 PM - 21: org.apache.uima.cas.impl.XmiCasSerializer$XmiCasDocSerializer.reportWarning(211): WARNING: Warning: multiple references to an array.  Reference identity will not be preserved in XMI.
10/7/13 11:04:59 PM - 21: org.apache.uima.cas.impl.XmiCasSerializer$XmiCasDocSerializer.reportWarning(211): WARNING: Warning: multiple references to an array.  Reference identity will not be preserved in XMI.
10/7/13 11:04:59 PM - 21: org.apache.uima.cas.impl.XmiCasSerializer$XmiCasDocSerializer.reportWarning(211): WARNING: Warning: multiple references to an array.  Reference identity will not be preserved in XMI.
10/7/13 11:04:59 PM - 21: org.apache.uima.cas.impl.XmiCasSerializer$XmiCasDocSerializer.reportWarning(211): WARNING: Warning: multiple references to an array.  Reference identity will not be preserved in XMI.
10/7/13 11:04:59 PM - 21: org.apache.uima.cas.impl.XmiCasSerializer$XmiCasDocSerializer.reportWarning(211): WARNING: Warning: multiple references to an array.  Reference identity will not be preserved in XMI.
10/7/13 11:04:59 PM - 21: org.apache.uima.cas.impl.XmiCasSerializer$XmiCasDocSerializer.reportWarning(211): WARNING: Warning: multiple references to an array.  Reference identity will not be preserved in XMI.
10/7/13 11:04:59 PM - 21: org.apache.uima.cas.impl.XmiCasSerializer$XmiCasDocSerializer.reportWarning(211): WARNING: Warning: multiple references to an array.  Reference identity will not be preserved in XMI.
10/7/13 11:04:59 PM - 21: org.apache.uima.cas.impl.XmiCasSerializer$XmiCasDocSerializer.reportWarning(211): WARNING: Warning: multiple references to an array.  Reference identity will not be preserved in XMI.
10/7/13 11:04:59 PM - 21: org.apache.uima.cas.impl.XmiCasSerializer$XmiCasDocSerializer.reportWarning(211): WARNING: Warning: multiple references to an array.  Reference identity will not be preserved in XMI.
10/7/13 11:04:59 PM - 21: org.apache.uima.cas.impl.XmiCasSerializer$XmiCasDocSerializer.reportWarning(211): WARNING: Warning: multiple references to an array.  Reference identity will not be preserved in XMI.
10/7/13 11:04:59 PM - 21: org.apache.uima.cas.impl.XmiCasSerializer$XmiCasDocSerializer.reportWarning(211): WARNING: Warning: multiple references to an array.  Reference identity will not be preserved in XMI.
10/7/13 11:04:59 PM - 21: org.apache.uima.cas.impl.XmiCasSerializer$XmiCasDocSerializer.reportWarning(211): WARNING: Warning: multiple references to an array.  Reference identity will not be preserved in XMI.
10/7/13 11:04:59 PM - 21: org.apache.uima.cas.impl.XmiCasSerializer$XmiCasDocSerializer.reportWarning(211): WARNING: Warning: multiple references to an array.  Reference identity will not be preserved in XMI.
10/7/13 11:04:59 PM - 21: org.apache.uima.cas.impl.XmiCasSerializer$XmiCasDocSerializer.reportWarning(211): WARNING: Warning: multiple references to an array.  Reference identity will not be preserved in XMI.
10/7/13 11:04:59 PM - 21: org.apache.uima.cas.impl.XmiCasSerializer$XmiCasDocSerializer.reportWarning(211): WARNING: Warning: multiple references to an array.  Reference identity will not be preserved in XMI.
10/7/13 11:04:59 PM - 21: org.apache.uima.cas.impl.XmiCasSerializer$XmiCasDocSerializer.reportWarning(211): WARNING: Warning: multiple references to an array.  Reference identity will not be preserved in XMI.
10/7/13 11:04:59 PM - 21: org.apache.uima.cas.impl.XmiCasSerializer$XmiCasDocSerializer.reportWarning(211): WARNING: Warning: multiple references to an array.  Reference identity will not be preserved in XMI.
10/7/13 11:04:59 PM - 21: org.apache.uima.cas.impl.XmiCasSerializer$XmiCasDocSerializer.reportWarning(211): WARNING: Warning: multiple references to an array.  Reference identity will not be preserved in XMI.
10/7/13 11:04:59 PM - 21: org.apache.uima.cas.impl.XmiCasSerializer$XmiCasDocSerializer.reportWarning(211): WARNING: Warning: multiple references to an array.  Reference identity will not be preserved in XMI.
10/7/13 11:04:59 PM - 21: org.apache.uima.cas.impl.XmiCasSerializer$XmiCasDocSerializer.reportWarning(211): WARNING: Warning: multiple references to an array.  Reference identity will not be preserved in XMI.
10/7/13 11:04:59 PM - 21: org.apache.uima.cas.impl.XmiCasSerializer$XmiCasDocSerializer.reportWarning(211): WARNING: Warning: multiple references to an array.  Reference identity will not be preserved in XMI.
10/7/13 11:04:59 PM - 21: org.apache.uima.cas.impl.XmiCasSerializer$XmiCasDocSerializer.reportWarning(211): WARNING: Warning: multiple references to an array.  Reference identity will not be preserved in XMI.
10/7/13 11:04:59 PM - 21: org.apache.uima.cas.impl.XmiCasSerializer$XmiCasDocSerializer.reportWarning(211): WARNING: Warning: multiple references to an array.  Reference identity will not be preserved in XMI.
10/7/13 11:04:59 PM - 21: org.apache.uima.cas.impl.XmiCasSerializer$XmiCasDocSerializer.reportWarning(211): WARNING: Warning: multiple references to an array.  Reference identity will not be preserved in XMI.
10/7/13 11:04:59 PM - 21: org.apache.uima.cas.impl.XmiCasSerializer$XmiCasDocSerializer.reportWarning(211): WARNING: Warning: multiple references to an array.  Reference identity will not be preserved in XMI.
10/7/13 11:04:59 PM - 21: org.apache.uima.cas.impl.XmiCasSerializer$XmiCasDocSerializer.reportWarning(211): WARNING: Warning: multiple references to an array.  Reference identity will not be preserved in XMI.
10/7/13 11:04:59 PM - 21: org.apache.uima.cas.impl.XmiCasSerializer$XmiCasDocSerializer.reportWarning(211): WARNING: Warning: multiple references to an array.  Reference identity will not be preserved in XMI.
10/7/13 11:04:59 PM - 21: org.apache.uima.cas.impl.XmiCasSerializer$XmiCasDocSerializer.reportWarning(211): WARNING: Warning: multiple references to an array.  Reference identity will not be preserved in XMI.
10/7/13 11:04:59 PM - 21: org.apache.uima.cas.impl.XmiCasSerializer$XmiCasDocSerializer.reportWarning(211): WARNING: Warning: multiple references to an array.  Reference identity will not be preserved in XMI.
10/7/13 11:04:59 PM - 21: org.apache.uima.cas.impl.XmiCasSerializer$XmiCasDocSerializer.reportWarning(211): WARNING: Warning: multiple references to an array.  Reference identity will not be preserved in XMI.
10/7/13 11:04:59 PM - 21: org.apache.uima.cas.impl.XmiCasSerializer$XmiCasDocSerializer.reportWarning(211): WARNING: Warning: multiple references to an array.  Reference identity will not be preserved in XMI.
10/7/13 11:04:59 PM - 21: org.apache.uima.cas.impl.XmiCasSerializer$XmiCasDocSerializer.reportWarning(211): WARNING: Warning: multiple references to an array.  Reference identity will not be preserved in XMI.
10/7/13 11:04:59 PM - 21: org.apache.uima.cas.impl.XmiCasSerializer$XmiCasDocSerializer.reportWarning(211): WARNING: Warning: multiple references to an array.  Reference identity will not be preserved in XMI.
10/7/13 11:04:59 PM - 21: org.apache.uima.cas.impl.XmiCasSerializer$XmiCasDocSerializer.reportWarning(211): WARNING: Warning: multiple references to an array.  Reference identity will not be preserved in XMI.
10/7/13 11:04:59 PM - 21: org.apache.uima.cas.impl.XmiCasSerializer$XmiCasDocSerializer.reportWarning(211): WARNING: Warning: multiple references to an array.  Reference identity will not be preserved in XMI.
10/7/13 11:04:59 PM - 21: org.apache.uima.cas.impl.XmiCasSerializer$XmiCasDocSerializer.reportWarning(211): WARNING: Warning: multiple references to an array.  Reference identity will not be preserved in XMI.
10/7/13 11:04:59 PM - 21: org.apache.uima.cas.impl.XmiCasSerializer$XmiCasDocSerializer.reportWarning(211): WARNING: Warning: multiple references to an array.  Reference identity will not be preserved in XMI.
10/7/13 11:04:59 PM - 21: org.apache.uima.cas.impl.XmiCasSerializer$XmiCasDocSerializer.reportWarning(211): WARNING: Warning: multiple references to an array.  Reference identity will not be preserved in XMI.
10/7/13 11:04:59 PM - 21: org.apache.uima.cas.impl.XmiCasSerializer$XmiCasDocSerializer.reportWarning(211): WARNING: Warning: multiple references to an array.  Reference identity will not be preserved in XMI.
10/7/13 11:04:59 PM - 21: org.apache.uima.cas.impl.XmiCasSerializer$XmiCasDocSerializer.reportWarning(211): WARNING: Warning: multiple references to an array.  Reference identity will not be preserved in XMI.
10/7/13 11:04:59 PM - 21: org.apache.uima.cas.impl.XmiCasSerializer$XmiCasDocSerializer.reportWarning(211): WARNING: Warning: multiple references to an array.  Reference identity will not be preserved in XMI.
10/7/13 11:04:59 PM - 21: org.apache.uima.cas.impl.XmiCasSerializer$XmiCasDocSerializer.reportWarning(211): WARNING: Warning: multiple references to an array.  Reference identity will not be preserved in XMI.
10/7/13 11:04:59 PM - 21: org.apache.uima.cas.impl.XmiCasSerializer$XmiCasDocSerializer.reportWarning(211): WARNING: Warning: multiple references to an array.  Reference identity will not be preserved in XMI.
10/7/13 11:04:59 PM - 21: org.apache.uima.cas.impl.XmiCasSerializer$XmiCasDocSerializer.reportWarning(211): WARNING: Warning: multiple references to an array.  Reference identity will not be preserved in XMI.
10/7/13 11:04:59 PM - 21: org.apache.uima.cas.impl.XmiCasSerializer$XmiCasDocSerializer.reportWarning(211): WARNING: Warning: multiple references to an array.  Reference identity will not be preserved in XMI.
10/7/13 11:04:59 PM - 21: org.apache.uima.cas.impl.XmiCasSerializer$XmiCasDocSerializer.reportWarning(211): WARNING: Warning: multiple references to an array.  Reference identity will not be preserved in XMI.
10/7/13 11:04:59 PM - 21: org.apache.uima.cas.impl.XmiCasSerializer$XmiCasDocSerializer.reportWarning(211): WARNING: Warning: multiple references to an array.  Reference identity will not be preserved in XMI.
10/7/13 11:04:59 PM - 21: org.apache.uima.cas.impl.XmiCasSerializer$XmiCasDocSerializer.reportWarning(211): WARNING: Warning: multiple references to an array.  Reference identity will not be preserved in XMI.
10/7/13 11:04:59 PM - 21: org.apache.uima.cas.impl.XmiCasSerializer$XmiCasDocSerializer.reportWarning(211): WARNING: Warning: multiple references to an array.  Reference identity will not be preserved in XMI.
10/7/13 11:04:59 PM - 21: org.apache.uima.cas.impl.XmiCasSerializer$XmiCasDocSerializer.reportWarning(211): WARNING: Warning: multiple references to an array.  Reference identity will not be preserved in XMI.
10/7/13 11:04:59 PM - 21: org.apache.uima.cas.impl.XmiCasSerializer$XmiCasDocSerializer.reportWarning(211): WARNING: Warning: multiple references to an array.  Reference identity will not be preserved in XMI.
10/7/13 11:05:00 PM - 21: org.apache.uima.cas.impl.XmiCasSerializer$XmiCasDocSerializer.reportWarning(211): WARNING: Warning: multiple references to an array.  Reference identity will not be preserved in XMI.
10/7/13 11:05:00 PM - 21: org.apache.uima.cas.impl.XmiCasSerializer$XmiCasDocSerializer.reportWarning(211): WARNING: Warning: multiple references to an array.  Reference identity will not be preserved in XMI.
10/7/13 11:05:00 PM - 21: org.apache.uima.cas.impl.XmiCasSerializer$XmiCasDocSerializer.reportWarning(211): WARNING: Warning: multiple references to an array.  Reference identity will not be preserved in XMI.
10/7/13 11:05:00 PM - 21: org.apache.uima.cas.impl.XmiCasSerializer$XmiCasDocSerializer.reportWarning(211): WARNING: Warning: multiple references to an array.  Reference identity will not be preserved in XMI.
10/7/13 11:05:00 PM - 21: org.apache.uima.cas.impl.XmiCasSerializer$XmiCasDocSerializer.reportWarning(211): WARNING: Warning: multiple references to an array.  Reference identity will not be preserved in XMI.
10/7/13 11:05:00 PM - 21: org.apache.uima.cas.impl.XmiCasSerializer$XmiCasDocSerializer.reportWarning(211): WARNING: Warning: multiple references to an array.  Reference identity will not be preserved in XMI.
10/7/13 11:05:00 PM - 21: org.apache.uima.cas.impl.XmiCasSerializer$XmiCasDocSerializer.reportWarning(211): WARNING: Warning: multiple references to an array.  Reference identity will not be preserved in XMI.
10/7/13 11:05:00 PM - 21: org.apache.uima.cas.impl.XmiCasSerializer$XmiCasDocSerializer.reportWarning(211): WARNING: Warning: multiple references to an array.  Reference identity will not be preserved in XMI.
10/7/13 11:05:00 PM - 21: org.apache.uima.cas.impl.XmiCasSerializer$XmiCasDocSerializer.reportWarning(211): WARNING: Warning: multiple references to an array.  Reference identity will not be preserved in XMI.
10/7/13 11:05:00 PM - 21: org.apache.uima.cas.impl.XmiCasSerializer$XmiCasDocSerializer.reportWarning(211): WARNING: Warning: multiple references to an array.  Reference identity will not be preserved in XMI.
10/7/13 11:05:00 PM - 21: org.apache.uima.cas.impl.XmiCasSerializer$XmiCasDocSerializer.reportWarning(211): WARNING: Warning: multiple references to an array.  Reference identity will not be preserved in XMI.
10/7/13 11:05:00 PM - 21: org.apache.uima.cas.impl.XmiCasSerializer$XmiCasDocSerializer.reportWarning(211): WARNING: Warning: multiple references to an array.  Reference identity will not be preserved in XMI.
10/7/13 11:05:00 PM - 21: org.apache.uima.cas.impl.XmiCasSerializer$XmiCasDocSerializer.reportWarning(211): WARNING: Warning: multiple references to an array.  Reference identity will not be preserved in XMI.
10/7/13 11:05:00 PM - 21: org.apache.uima.cas.impl.XmiCasSerializer$XmiCasDocSerializer.reportWarning(211): WARNING: Warning: multiple references to an array.  Reference identity will not be preserved in XMI.
10/7/13 11:05:00 PM - 21: org.apache.uima.cas.impl.XmiCasSerializer$XmiCasDocSerializer.reportWarning(211): WARNING: Warning: multiple references to an array.  Reference identity will not be preserved in XMI.
10/7/13 11:05:00 PM - 21: org.apache.uima.cas.impl.XmiCasSerializer$XmiCasDocSerializer.reportWarning(211): WARNING: Warning: multiple references to an array.  Reference identity will not be preserved in XMI.
10/7/13 11:05:00 PM - 21: org.apache.uima.cas.impl.XmiCasSerializer$XmiCasDocSerializer.reportWarning(211): WARNING: Warning: multiple references to an array.  Reference identity will not be preserved in XMI.
10/7/13 11:05:00 PM - 21: org.apache.uima.cas.impl.XmiCasSerializer$XmiCasDocSerializer.reportWarning(211): WARNING: Warning: multiple references to an array.  Reference identity will not be preserved in XMI.
10/7/13 11:05:00 PM - 21: org.apache.uima.cas.impl.XmiCasSerializer$XmiCasDocSerializer.reportWarning(211): WARNING: Warning: multiple references to an array.  Reference identity will not be preserved in XMI.
10/7/13 11:05:00 PM - 21: org.apache.uima.cas.impl.XmiCasSerializer$XmiCasDocSerializer.reportWarning(211): WARNING: Warning: multiple references to an array.  Reference identity will not be preserved in XMI.
10/7/13 11:05:00 PM - 21: org.apache.uima.cas.impl.XmiCasSerializer$XmiCasDocSerializer.reportWarning(211): WARNING: Warning: multiple references to an array.  Reference identity will not be preserved in XMI.
10/7/13 11:05:00 PM - 21: org.apache.uima.cas.impl.XmiCasSerializer$XmiCasDocSerializer.reportWarning(211): WARNING: Warning: multiple references to an array.  Reference identity will not be preserved in XMI.
10/7/13 11:05:00 PM - 21: org.apache.uima.cas.impl.XmiCasSerializer$XmiCasDocSerializer.reportWarning(211): WARNING: Warning: multiple references to an array.  Reference identity will not be preserved in XMI.
10/7/13 11:05:00 PM - 21: org.apache.uima.cas.impl.XmiCasSerializer$XmiCasDocSerializer.reportWarning(211): WARNING: Warning: multiple references to an array.  Reference identity will not be preserved in XMI.
10/7/13 11:05:00 PM - 21: org.apache.uima.cas.impl.XmiCasSerializer$XmiCasDocSerializer.reportWarning(211): WARNING: Warning: multiple references to an array.  Reference identity will not be preserved in XMI.
10/7/13 11:05:00 PM - 21: org.apache.uima.cas.impl.XmiCasSerializer$XmiCasDocSerializer.reportWarning(211): WARNING: Warning: multiple references to an array.  Reference identity will not be preserved in XMI.
10/7/13 11:05:00 PM - 21: org.apache.uima.cas.impl.XmiCasSerializer$XmiCasDocSerializer.reportWarning(211): WARNING: Warning: multiple references to an array.  Reference identity will not be preserved in XMI.
10/7/13 11:05:00 PM - 21: org.apache.uima.cas.impl.XmiCasSerializer$XmiCasDocSerializer.reportWarning(211): WARNING: Warning: multiple references to an array.  Reference identity will not be preserved in XMI.
10/7/13 11:05:00 PM - 21: org.apache.uima.cas.impl.XmiCasSerializer$XmiCasDocSerializer.reportWarning(211): WARNING: Warning: multiple references to an array.  Reference identity will not be preserved in XMI.
10/7/13 11:05:00 PM - 21: org.apache.uima.cas.impl.XmiCasSerializer$XmiCasDocSerializer.reportWarning(211): WARNING: Warning: multiple references to an array.  Reference identity will not be preserved in XMI.
10/7/13 11:05:00 PM - 21: org.apache.uima.cas.impl.XmiCasSerializer$XmiCasDocSerializer.reportWarning(211): WARNING: Warning: multiple references to an array.  Reference identity will not be preserved in XMI.
10/7/13 11:05:00 PM - 21: org.apache.uima.cas.impl.XmiCasSerializer$XmiCasDocSerializer.reportWarning(211): WARNING: Warning: multiple references to an array.  Reference identity will not be preserved in XMI.
10/7/13 11:05:00 PM - 21: org.apache.uima.cas.impl.XmiCasSerializer$XmiCasDocSerializer.reportWarning(211): WARNING: Warning: multiple references to an array.  Reference identity will not be preserved in XMI.
10/7/13 11:05:00 PM - 21: org.apache.uima.cas.impl.XmiCasSerializer$XmiCasDocSerializer.reportWarning(211): WARNING: Warning: multiple references to an array.  Reference identity will not be preserved in XMI.
10/7/13 11:05:00 PM - 21: org.apache.uima.cas.impl.XmiCasSerializer$XmiCasDocSerializer.reportWarning(211): WARNING: Warning: multiple references to an array.  Reference identity will not be preserved in XMI.
10/7/13 11:05:00 PM - 21: org.apache.uima.cas.impl.XmiCasSerializer$XmiCasDocSerializer.reportWarning(211): WARNING: Warning: multiple references to an array.  Reference identity will not be preserved in XMI.
10/7/13 11:05:00 PM - 21: org.apache.uima.cas.impl.XmiCasSerializer$XmiCasDocSerializer.reportWarning(211): WARNING: Warning: multiple references to an array.  Reference identity will not be preserved in XMI.
10/7/13 11:05:00 PM - 21: org.apache.uima.cas.impl.XmiCasSerializer$XmiCasDocSerializer.reportWarning(211): WARNING: Warning: multiple references to an array.  Reference identity will not be preserved in XMI.
10/7/13 11:05:00 PM - 21: org.apache.uima.cas.impl.XmiCasSerializer$XmiCasDocSerializer.reportWarning(211): WARNING: Warning: multiple references to an array.  Reference identity will not be preserved in XMI.
10/7/13 11:05:00 PM - 21: org.apache.uima.cas.impl.XmiCasSerializer$XmiCasDocSerializer.reportWarning(211): WARNING: Warning: multiple references to an array.  Reference identity will not be preserved in XMI.
10/7/13 11:05:00 PM - 21: org.apache.uima.cas.impl.XmiCasSerializer$XmiCasDocSerializer.reportWarning(211): WARNING: Warning: multiple references to an array.  Reference identity will not be preserved in XMI.
10/7/13 11:05:00 PM - 21: org.apache.uima.cas.impl.XmiCasSerializer$XmiCasDocSerializer.reportWarning(211): WARNING: Warning: multiple references to an array.  Reference identity will not be preserved in XMI.
10/7/13 11:05:00 PM - 21: org.apache.uima.cas.impl.XmiCasSerializer$XmiCasDocSerializer.reportWarning(211): WARNING: Warning: multiple references to an array.  Reference identity will not be preserved in XMI.
10/7/13 11:05:00 PM - 21: org.apache.uima.cas.impl.XmiCasSerializer$XmiCasDocSerializer.reportWarning(211): WARNING: Warning: multiple references to an array.  Reference identity will not be preserved in XMI.
10/7/13 11:05:00 PM - 21: org.apache.uima.cas.impl.XmiCasSerializer$XmiCasDocSerializer.reportWarning(211): WARNING: Warning: multiple references to an array.  Reference identity will not be preserved in XMI.
10/7/13 11:05:00 PM - 21: org.apache.uima.cas.impl.XmiCasSerializer$XmiCasDocSerializer.reportWarning(211): WARNING: Warning: multiple references to an array.  Reference identity will not be preserved in XMI.
10/7/13 11:05:00 PM - 21: org.apache.uima.cas.impl.XmiCasSerializer$XmiCasDocSerializer.reportWarning(211): WARNING: Warning: multiple references to an array.  Reference identity will not be preserved in XMI.
10/7/13 11:05:00 PM - 21: org.apache.uima.cas.impl.XmiCasSerializer$XmiCasDocSerializer.reportWarning(211): WARNING: Warning: multiple references to an array.  Reference identity will not be preserved in XMI.
10/7/13 11:05:00 PM - 21: org.apache.uima.cas.impl.XmiCasSerializer$XmiCasDocSerializer.reportWarning(211): WARNING: Warning: multiple references to an array.  Reference identity will not be preserved in XMI.
10/7/13 11:05:00 PM - 21: org.apache.uima.cas.impl.XmiCasSerializer$XmiCasDocSerializer.reportWarning(211): WARNING: Warning: multiple references to an array.  Reference identity will not be preserved in XMI.
10/7/13 11:05:00 PM - 21: org.apache.uima.cas.impl.XmiCasSerializer$XmiCasDocSerializer.reportWarning(211): WARNING: Warning: multiple references to an array.  Reference identity will not be preserved in XMI.
10/7/13 11:05:00 PM - 21: org.apache.uima.cas.impl.XmiCasSerializer$XmiCasDocSerializer.reportWarning(211): WARNING: Warning: multiple references to an array.  Reference identity will not be preserved in XMI.
10/7/13 11:05:00 PM - 21: org.apache.uima.cas.impl.XmiCasSerializer$XmiCasDocSerializer.reportWarning(211): WARNING: Warning: multiple references to an array.  Reference identity will not be preserved in XMI.
10/7/13 11:05:00 PM - 21: org.apache.uima.cas.impl.XmiCasSerializer$XmiCasDocSerializer.reportWarning(211): WARNING: Warning: multiple references to an array.  Reference identity will not be preserved in XMI.
10/7/13 11:05:00 PM - 21: org.apache.uima.cas.impl.XmiCasSerializer$XmiCasDocSerializer.reportWarning(211): WARNING: Warning: multiple references to an array.  Reference identity will not be preserved in XMI.
10/7/13 11:05:00 PM - 21: org.apache.uima.cas.impl.XmiCasSerializer$XmiCasDocSerializer.reportWarning(211): WARNING: Warning: multiple references to an array.  Reference identity will not be preserved in XMI.
10/7/13 11:05:00 PM - 21: org.apache.uima.cas.impl.XmiCasSerializer$XmiCasDocSerializer.reportWarning(211): WARNING: Warning: multiple references to an array.  Reference identity will not be preserved in XMI.
10/7/13 11:05:00 PM - 21: org.apache.uima.cas.impl.XmiCasSerializer$XmiCasDocSerializer.reportWarning(211): WARNING: Warning: multiple references to an array.  Reference identity will not be preserved in XMI.
10/7/13 11:05:00 PM - 21: org.apache.uima.cas.impl.XmiCasSerializer$XmiCasDocSerializer.reportWarning(211): WARNING: Warning: multiple references to an array.  Reference identity will not be preserved in XMI.
10/7/13 11:05:00 PM - 21: org.apache.uima.cas.impl.XmiCasSerializer$XmiCasDocSerializer.reportWarning(211): WARNING: Warning: multiple references to an array.  Reference identity will not be preserved in XMI.
10/7/13 11:05:00 PM - 21: org.apache.uima.cas.impl.XmiCasSerializer$XmiCasDocSerializer.reportWarning(211): WARNING: Warning: multiple references to an array.  Reference identity will not be preserved in XMI.
10/7/13 11:05:00 PM - 21: org.apache.uima.cas.impl.XmiCasSerializer$XmiCasDocSerializer.reportWarning(211): WARNING: Warning: multiple references to an array.  Reference identity will not be preserved in XMI.
10/7/13 11:05:00 PM - 21: org.apache.uima.cas.impl.XmiCasSerializer$XmiCasDocSerializer.reportWarning(211): WARNING: Warning: multiple references to an array.  Reference identity will not be preserved in XMI.
10/7/13 11:05:00 PM - 21: org.apache.uima.cas.impl.XmiCasSerializer$XmiCasDocSerializer.reportWarning(211): WARNING: Warning: multiple references to an array.  Reference identity will not be preserved in XMI.
10/7/13 11:05:00 PM - 21: org.apache.uima.cas.impl.XmiCasSerializer$XmiCasDocSerializer.reportWarning(211): WARNING: Warning: multiple references to an array.  Reference identity will not be preserved in XMI.
10/7/13 11:05:00 PM - 21: org.apache.uima.cas.impl.XmiCasSerializer$XmiCasDocSerializer.reportWarning(211): WARNING: Warning: multiple references to an array.  Reference identity will not be preserved in XMI.
10/7/13 11:05:00 PM - 21: org.apache.uima.cas.impl.XmiCasSerializer$XmiCasDocSerializer.reportWarning(211): WARNING: Warning: multiple references to an array.  Reference identity will not be preserved in XMI.
10/7/13 11:05:00 PM - 21: org.apache.uima.cas.impl.XmiCasSerializer$XmiCasDocSerializer.reportWarning(211): WARNING: Warning: multiple references to an array.  Reference identity will not be preserved in XMI.
10/7/13 11:05:00 PM - 21: org.apache.uima.cas.impl.XmiCasSerializer$XmiCasDocSerializer.reportWarning(211): WARNING: Warning: multiple references to an array.  Reference identity will not be preserved in XMI.
10/7/13 11:05:00 PM - 21: org.apache.uima.cas.impl.XmiCasSerializer$XmiCasDocSerializer.reportWarning(211): WARNING: Warning: multiple references to an array.  Reference identity will not be preserved in XMI.
10/7/13 11:05:00 PM - 21: org.apache.uima.cas.impl.XmiCasSerializer$XmiCasDocSerializer.reportWarning(211): WARNING: Warning: multiple references to an array.  Reference identity will not be preserved in XMI.
10/7/13 11:05:00 PM - 21: org.apache.uima.cas.impl.XmiCasSerializer$XmiCasDocSerializer.reportWarning(211): WARNING: Warning: multiple references to an array.  Reference identity will not be preserved in XMI.
10/7/13 11:05:00 PM - 21: org.apache.uima.cas.impl.XmiCasSerializer$XmiCasDocSerializer.reportWarning(211): WARNING: Warning: multiple references to an array.  Reference identity will not be preserved in XMI.
10/7/13 11:05:00 PM - 21: org.apache.uima.cas.impl.XmiCasSerializer$XmiCasDocSerializer.reportWarning(211): WARNING: Warning: multiple references to an array.  Reference identity will not be preserved in XMI.
10/7/13 11:05:00 PM - 21: org.apache.uima.cas.impl.XmiCasSerializer$XmiCasDocSerializer.reportWarning(211): WARNING: Warning: multiple references to an array.  Reference identity will not be preserved in XMI.
10/7/13 11:05:01 PM - 20: org.apache.uima.aae.controller.AggregateAnalysisEngineController_impl.logStats: INFO: Controller: [hw3-pqichen-aae-withNamedEntity] Delegate <<hw3-pqichen-aae-withNamedEntity>> Stats: 
	 Total Number CASes Processed: 2 
	 Total CAS Deserialization Time: 110 ms
	 Total CAS Serialization Time: 80 ms 
	 Total Time Spent In Analysis: 390 ms 
	 Max Serialization Time: 40 ms 
	 Max Deserialization Time: 60 ms 
	 Max Analysis Time: 100 ms 
	 Total Idle Time: 23,790.49 ms
10/7/13 11:09:59 PM - 22: org.apache.uima.adapter.jms.activemq.UimaDefaultMessageListenerContainer.onException: WARNING: Service: hw3-pqichen-aae-withNamedEntity Runtime Exception  
10/7/13 11:09:59 PM - 22: org.apache.uima.adapter.jms.activemq.UimaDefaultMessageListenerContainer.onException: WARNING: Jms Listener Failed. Endpoint: myQueueName Managed By: tcp://localhost:61616 Reason: javax.jms.JMSException: java.io.EOFException
10/7/13 11:09:59 PM - 22: org.apache.uima.adapter.jms.activemq.UimaDefaultMessageListenerContainer.handleListenerSetupFailure: WARNING: Uima AS Service:hw3-pqichen-aae-withNamedEntity Listener Unable To Connect To Broker: tcp://localhost:61616 Retrying ...  
10/7/13 11:09:59 PM - 23: org.apache.uima.adapter.jms.activemq.UimaDefaultMessageListenerContainer.onException: WARNING: Service: hw3-pqichen-aae-withNamedEntity Runtime Exception  
10/7/13 11:09:59 PM - 23: org.apache.uima.adapter.jms.activemq.UimaDefaultMessageListenerContainer.onException: WARNING: Jms Listener Failed. Endpoint: myQueueName Managed By: tcp://localhost:61616 Reason: javax.jms.JMSException: java.io.EOFException
10/7/13 11:09:59 PM - 23: org.apache.uima.adapter.jms.activemq.UimaDefaultMessageListenerContainer.handleListenerSetupFailure: WARNING: Uima AS Service:hw3-pqichen-aae-withNamedEntity Listener Unable To Connect To Broker: tcp://localhost:61616 Retrying ...  
